{"numFailedTestSuites":0,"numFailedTests":0,"numPassedTestSuites":15,"numPassedTests":22,"numPendingTestSuites":0,"numPendingTests":0,"numRuntimeErrorTestSuites":0,"numTodoTests":0,"numTotalTestSuites":15,"numTotalTests":22,"openHandles":[],"snapshot":{"added":0,"didUpdate":false,"failure":false,"filesAdded":0,"filesRemoved":0,"filesRemovedList":[],"filesUnmatched":0,"filesUpdated":0,"matched":0,"total":0,"unchecked":0,"uncheckedKeysByFile":[],"unmatched":0,"updated":0},"startTime":1771731163656,"success":true,"testResults":[{"assertionResults":[{"ancestorTitles":["StaffDirectoryPage"],"duration":64,"failing":false,"failureDetails":[],"failureMessages":[],"fullName":"StaffDirectoryPage loads and displays staff members","invocations":1,"location":null,"numPassingAsserts":2,"retryReasons":[],"startAt":1771731164721,"status":"passed","title":"loads and displays staff members"}],"endTime":1771731164787,"message":"","name":"/workspaces/Leidy-cleaner/frontend/src/app/__tests__/staff-directory.page.test.tsx","startTime":1771731164063,"status":"passed","summary":""},{"assertionResults":[{"ancestorTitles":["HomePage"],"duration":57,"failing":false,"failureDetails":[],"failureMessages":[],"fullName":"HomePage renders the homepage","invocations":1,"location":null,"numPassingAsserts":1,"retryReasons":[],"startAt":1771731164962,"status":"passed","title":"renders the homepage"}],"endTime":1771731165020,"message":"","name":"/workspaces/Leidy-cleaner/frontend/src/__tests__/HomePage.test.tsx","startTime":1771731164807,"status":"passed","summary":""},{"assertionResults":[{"ancestorTitles":["BookingForm"],"duration":176,"failing":false,"failureDetails":[],"failureMessages":[],"fullName":"BookingForm renders form and allows selecting staff","invocations":1,"location":null,"numPassingAsserts":2,"retryReasons":[],"startAt":1771731165199,"status":"passed","title":"renders form and allows selecting staff"}],"endTime":1771731165376,"message":"","name":"/workspaces/Leidy-cleaner/frontend/src/components/__tests__/BookingForm.test.tsx","startTime":1771731165033,"status":"passed","summary":""},{"assertionResults":[{"ancestorTitles":["Navbar"],"duration":25,"failing":false,"failureDetails":[],"failureMessages":[],"fullName":"Navbar shows basic links for anonymous users and logo","invocations":1,"location":null,"numPassingAsserts":5,"retryReasons":[],"startAt":1771731165465,"status":"passed","title":"shows basic links for anonymous users and logo"},{"ancestorTitles":["Navbar"],"duration":61,"failing":false,"failureDetails":[],"failureMessages":[],"fullName":"Navbar shows admin links when user is admin","invocations":1,"location":null,"numPassingAsserts":3,"retryReasons":[],"startAt":1771731165491,"status":"passed","title":"shows admin links when user is admin"}],"endTime":1771731165553,"message":"","name":"/workspaces/Leidy-cleaner/frontend/src/components/__tests__/Navbar.test.tsx","startTime":1771731165387,"status":"passed","summary":""},{"assertionResults":[{"ancestorTitles":["ServiceCard"],"duration":34,"failing":false,"failureDetails":[],"failureMessages":[],"fullName":"ServiceCard renderiza informações do serviço","invocations":1,"location":null,"numPassingAsserts":5,"retryReasons":[],"startAt":1771731165621,"status":"passed","title":"renderiza informações do serviço"},{"ancestorTitles":["ServiceCard"],"duration":9,"failing":false,"failureDetails":[],"failureMessages":[],"fullName":"ServiceCard shows rating when provided","invocations":1,"location":null,"numPassingAsserts":2,"retryReasons":[],"startAt":1771731165655,"status":"passed","title":"shows rating when provided"}],"endTime":1771731165665,"message":"","name":"/workspaces/Leidy-cleaner/frontend/src/components/__tests__/ServiceCard.test.tsx","startTime":1771731165564,"status":"passed","summary":""},{"assertionResults":[{"ancestorTitles":["ReviewForm"],"duration":46,"failing":false,"failureDetails":[],"failureMessages":[],"fullName":"ReviewForm submits rating and comment","invocations":1,"location":null,"numPassingAsserts":2,"retryReasons":[],"startAt":1771731165729,"status":"passed","title":"submits rating and comment"},{"ancestorTitles":["ReviewForm"],"duration":18,"failing":false,"failureDetails":[],"failureMessages":[],"fullName":"ReviewForm uploads files when provided","invocations":1,"location":null,"numPassingAsserts":2,"retryReasons":[],"startAt":1771731165775,"status":"passed","title":"uploads files when provided"}],"endTime":1771731165793,"message":"","name":"/workspaces/Leidy-cleaner/frontend/src/components/__tests__/ReviewForm.test.tsx","startTime":1771731165675,"status":"passed","summary":""},{"assertionResults":[{"ancestorTitles":["NewBooking page"],"duration":35,"failing":false,"failureDetails":[],"failureMessages":[],"fullName":"NewBooking page shows service info and booking form","invocations":1,"location":null,"numPassingAsserts":3,"retryReasons":[],"startAt":1771731165888,"status":"passed","title":"shows service info and booking form"}],"endTime":1771731165924,"message":"","name":"/workspaces/Leidy-cleaner/frontend/src/app/__tests__/new-booking.page.test.tsx","startTime":1771731165804,"status":"passed","summary":""},{"assertionResults":[{"ancestorTitles":["StaffBookings page"],"duration":46,"failing":false,"failureDetails":[],"failureMessages":[],"fullName":"StaffBookings page loads assigned bookings","invocations":1,"location":null,"numPassingAsserts":5,"retryReasons":[],"startAt":1771731165990,"status":"passed","title":"loads assigned bookings"},{"ancestorTitles":["StaffBookings page"],"duration":20,"failing":false,"failureDetails":[],"failureMessages":[],"fullName":"StaffBookings page shows profile form and allows update","invocations":1,"location":null,"numPassingAsserts":3,"retryReasons":[],"startAt":1771731166036,"status":"passed","title":"shows profile form and allows update"},{"ancestorTitles":["StaffBookings page"],"duration":18,"failing":false,"failureDetails":[],"failureMessages":[],"fullName":"StaffBookings page allows adding availability slot","invocations":1,"location":null,"numPassingAsserts":3,"retryReasons":[],"startAt":1771731166056,"status":"passed","title":"allows adding availability slot"}],"endTime":1771731166075,"message":"","name":"/workspaces/Leidy-cleaner/frontend/src/app/staff/__tests__/bookings.page.test.tsx","startTime":1771731165934,"status":"passed","summary":""},{"assertionResults":[{"ancestorTitles":["AdminBookings page"],"duration":38,"failing":false,"failureDetails":[],"failureMessages":[],"fullName":"AdminBookings page loads bookings and staff list and allows assignment","invocations":1,"location":null,"numPassingAsserts":5,"retryReasons":[],"startAt":1771731166161,"status":"passed","title":"loads bookings and staff list and allows assignment"}],"endTime":1771731166200,"message":"","name":"/workspaces/Leidy-cleaner/frontend/src/app/admin/__tests__/bookings.page.test.tsx","startTime":1771731166088,"status":"passed","summary":""},{"assertionResults":[{"ancestorTitles":["AdminPage"],"duration":43,"failing":false,"failureDetails":[],"failureMessages":[],"fullName":"AdminPage shows stats including pendingReviews","invocations":1,"location":null,"numPassingAsserts":3,"retryReasons":[],"startAt":1771731166265,"status":"passed","title":"shows stats including pendingReviews"}],"endTime":1771731166309,"message":"","name":"/workspaces/Leidy-cleaner/frontend/src/app/admin/__tests__/page.test.tsx","startTime":1771731166211,"status":"passed","summary":""},{"assertionResults":[{"ancestorTitles":["ProfilePage"],"duration":22,"failing":false,"failureDetails":[],"failureMessages":[],"fullName":"ProfilePage loads and updates profile","invocations":1,"location":null,"numPassingAsserts":4,"retryReasons":[],"startAt":1771731166368,"status":"passed","title":"loads and updates profile"}],"endTime":1771731166390,"message":"","name":"/workspaces/Leidy-cleaner/frontend/src/app/__tests__/profile.page.test.tsx","startTime":1771731166318,"status":"passed","summary":""},{"assertionResults":[{"ancestorTitles":["PaymentsPage"],"duration":21,"failing":false,"failureDetails":[],"failureMessages":[],"fullName":"PaymentsPage generates PIX QR code when payment initiated","invocations":1,"location":null,"numPassingAsserts":3,"retryReasons":[],"startAt":1771731166449,"status":"passed","title":"generates PIX QR code when payment initiated"}],"endTime":1771731166471,"message":"","name":"/workspaces/Leidy-cleaner/frontend/src/app/__tests__/payments.page.test.tsx","startTime":1771731166398,"status":"passed","summary":""},{"assertionResults":[{"ancestorTitles":["StaffProfilePage"],"duration":32,"failing":false,"failureDetails":[],"failureMessages":[],"fullName":"StaffProfilePage fetches and shows profile data including rating and reviews","invocations":1,"location":null,"numPassingAsserts":5,"retryReasons":[],"startAt":1771731166528,"status":"passed","title":"fetches and shows profile data including rating and reviews"}],"endTime":1771731166561,"message":"","name":"/workspaces/Leidy-cleaner/frontend/src/app/__tests__/staff-profile.page.test.tsx","startTime":1771731166479,"status":"passed","summary":""},{"assertionResults":[{"ancestorTitles":["ReviewList"],"duration":4,"failing":false,"failureDetails":[],"failureMessages":[],"fullName":"ReviewList shows message when empty","invocations":1,"location":null,"numPassingAsserts":1,"retryReasons":[],"startAt":1771731166619,"status":"passed","title":"shows message when empty"},{"ancestorTitles":["ReviewList"],"duration":4,"failing":false,"failureDetails":[],"failureMessages":[],"fullName":"ReviewList renders reviews","invocations":1,"location":null,"numPassingAsserts":2,"retryReasons":[],"startAt":1771731166623,"status":"passed","title":"renders reviews"},{"ancestorTitles":["ReviewList"],"duration":9,"failing":false,"failureDetails":[],"failureMessages":[],"fullName":"ReviewList shows images","invocations":1,"location":null,"numPassingAsserts":1,"retryReasons":[],"startAt":1771731166627,"status":"passed","title":"shows images"}],"endTime":1771731166637,"message":"","name":"/workspaces/Leidy-cleaner/frontend/src/components/__tests__/ReviewList.test.tsx","startTime":1771731166568,"status":"passed","summary":""},{"assertionResults":[{"ancestorTitles":["AdminReviews page"],"duration":11,"failing":false,"failureDetails":[],"failureMessages":[],"fullName":"AdminReviews page list reviews and allows approving","invocations":1,"location":null,"numPassingAsserts":5,"retryReasons":[],"startAt":1771731166693,"status":"passed","title":"list reviews and allows approving"}],"endTime":1771731166705,"message":"","name":"/workspaces/Leidy-cleaner/frontend/src/app/admin/__tests__/reviews.page.test.tsx","startTime":1771731166644,"status":"passed","summary":""}],"wasInterrupted":false}
